<?xml version="1.0" encoding="utf-8" standalone="no"?>
<!--This file represents the results of running a test suite-->
<test-results name="D:\home\Patrick\src\main\PViewer\Test\bin\release\PViewer.Test.dll" total="3" failures="0" not-run="0" date="2005/1/10" time="上午 12:09">
  <test-suite name="D:\home\Patrick\src\main\PViewer\Test\bin\release\PViewer.Test.dll" success="True" time="0.0625" asserts="0">
    <results>
      <test-suite name="PViewer" success="True" time="0.0625" asserts="0">
        <results>
          <test-suite name="Test" success="True" time="0.0625" asserts="0">
            <results>
              <test-suite name="TestImageNavigator" success="True" time="0.0625" asserts="0">
                <results>
                  <test-case name="PViewer.Test.TestImageNavigator.TestEmptyNavigation" executed="True" success="True" time="0.031" asserts="5" />
                  <test-case name="PViewer.Test.TestImageNavigator.TestGotoNonExistingFile" executed="True" success="True" time="0.000" asserts="0" />
                  <test-case name="PViewer.Test.TestImageNavigator.TestAddNonExistingFile" executed="True" success="True" time="0.031" asserts="0" />
                </results>
              </test-suite>
            </results>
          </test-suite>
        </results>
      </test-suite>
    </results>
  </test-suite>
</test-results>